Using pre-set license
Built from '2020.2/staging' branch; Version is '2020.2.6f1 (8a2143876886) revision 9052483'; Using compiler version '192528614'; Build Type 'Release'
OS: 'Windows 10 Pro; OS build 19042.928; Version 2009; 64bit' Language: 'en' Physical Memory: 16189 MB
BatchMode: 1, IsHumanControllingUs: 0, StartBugReporterOnCrash: 0, Is64bit: 1, IsPro: 0

 COMMAND LINE ARGUMENTS:
C:\Program Files\Unity\Hub\Editor\2020.2.6f1\Editor\Unity.exe
-adb2
-batchMode
-noUpm
-name
AssetImportWorker0
-projectPath
C:/Users/befud/Documents/GitHub/GSF-Project/GSF
-logFile
Logs/AssetImportWorker0.log
-srvPort
54616
Successfully changed project path to: C:/Users/befud/Documents/GitHub/GSF-Project/GSF
C:/Users/befud/Documents/GitHub/GSF-Project/GSF
Using Asset Import Pipeline V2.
Refreshing native plugins compatible for Editor in 21.56 ms, found 0 plugins.
Preloading 0 native plugins for Editor in 0.00 ms.
Initialize engine version: 2020.2.6f1 (8a2143876886)
[Subsystems] Discovering subsystems at path C:/Program Files/Unity/Hub/Editor/2020.2.6f1/Editor/Data/Resources/UnitySubsystems
[Subsystems] Discovering subsystems at path C:/Users/befud/Documents/GitHub/GSF-Project/GSF/Assets
GfxDevice: creating device client; threaded=0
Direct3D:
    Version:  Direct3D 11.0 [level 11.1]
    Renderer: NVIDIA Quadro P5200 (ID=0x1bb5)
    Vendor:   
    VRAM:     16255 MB
    Driver:   27.21.14.6192
Initialize mono
Mono path[0] = 'C:/Program Files/Unity/Hub/Editor/2020.2.6f1/Editor/Data/Managed'
Mono path[1] = 'C:/Program Files/Unity/Hub/Editor/2020.2.6f1/Editor/Data/MonoBleedingEdge/lib/mono/unityjit'
Mono config path = 'C:/Program Files/Unity/Hub/Editor/2020.2.6f1/Editor/Data/MonoBleedingEdge/etc'
Using monoOptions --debugger-agent=transport=dt_socket,embedding=1,server=y,suspend=n,address=127.0.0.1:56812
Begin MonoManager ReloadAssembly
Registering precompiled unity dll's ...
Register platform support module: C:/Program Files/Unity/Hub/Editor/2020.2.6f1/Editor/Data/PlaybackEngines/WindowsStandaloneSupport/UnityEditor.WindowsStandalone.Extensions.dll
Registered in 0.002427 seconds.
Native extension for WindowsStandalone target not found
Refreshing native plugins compatible for Editor in 21.05 ms, found 0 plugins.
Preloading 0 native plugins for Editor in 0.00 ms.
Invoked RoslynAnalysisRunner static constructor.
RoslynAnalysisRunner will not be running.
RoslynAnalysisRunner has terminated.
Mono: successfully reloaded assembly
- Completed reload, in  2.541 seconds
Platform modules already initialized, skipping
Registering precompiled user dll's ...
Registered in 0.000875 seconds.
Begin MonoManager ReloadAssembly
Native extension for WindowsStandalone target not found
Refreshing native plugins compatible for Editor in 0.19 ms, found 0 plugins.
Preloading 0 native plugins for Editor in 0.00 ms.
Invoked RoslynAnalysisRunner static constructor.
RoslynAnalysisRunner will not be running.
RoslynAnalysisRunner has terminated.
Mono: successfully reloaded assembly
- Completed reload, in  0.852 seconds
Platform modules already initialized, skipping
========================================================================
Worker process is ready to serve import requests
Launched and connected shader compiler UnityShaderCompiler.exe after 0.05 seconds
Refreshing native plugins compatible for Editor in 0.18 ms, found 0 plugins.
Preloading 0 native plugins for Editor in 0.00 ms.
Unloading 1103 Unused Serialized files (Serialized files now loaded: 0)
System memory in use before: 56.6 MB.
System memory in use after: 56.7 MB.

Unloading 10 unused Assets to reduce memory usage. Loaded Objects now: 1544.
Total: 1.659200 ms (FindLiveObjects: 0.142200 ms CreateObjectMapping: 0.035900 ms MarkObjects: 1.407500 ms  DeleteObjects: 0.073000 ms)

========================================================================
Received Import Request.
  path: Assets/Scenes
  artifactKey: Guid(779354ab3c84d1a46b711d7623795724) Importer(815301076,1909f56bfc062723c751e8b465ee728b)
Start importing Assets/Scenes using Guid(779354ab3c84d1a46b711d7623795724) Importer(815301076,1909f56bfc062723c751e8b465ee728b)  -> (artifact id: '27fc13bd32bfefc644afa04398668237') in 0.004914 seconds
  Import took 0.007439 seconds .

========================================================================
Received Import Request.
  Time since last request: 10.751223 seconds.
  path: Assets
  artifactKey: Guid(00000000000000001000000000000000) Importer(815301076,1909f56bfc062723c751e8b465ee728b)
Start importing Assets using Guid(00000000000000001000000000000000) Importer(815301076,1909f56bfc062723c751e8b465ee728b)  -> (artifact id: 'f47cf443bddc682ac2de11ea429897ce') in 0.002404 seconds
  Import took 0.005245 seconds .

========================================================================
Received Import Request.
  Time since last request: 0.000891 seconds.
  path: Assets
  artifactKey: Guid(00000000000000001000000000000000) Importer(815301076,1909f56bfc062723c751e8b465ee728b)
Start importing Assets using Guid(00000000000000001000000000000000) Importer(815301076,1909f56bfc062723c751e8b465ee728b)  -> (artifact id: 'f47cf443bddc682ac2de11ea429897ce') in 0.002643 seconds
  Import took 0.004318 seconds .

========================================================================
Received Import Request.
  Time since last request: 6.987299 seconds.
  path: Assets/Movement
  artifactKey: Guid(c6f324433b04a534a9fbe766bcccef54) Importer(815301076,1909f56bfc062723c751e8b465ee728b)
Start importing Assets/Movement using Guid(c6f324433b04a534a9fbe766bcccef54) Importer(815301076,1909f56bfc062723c751e8b465ee728b)  -> (artifact id: 'db4955ae5cf10847332618eb5dbed48d') in 0.002651 seconds
  Import took 0.004889 seconds .

========================================================================
Received Import Request.
  Time since last request: 7.557796 seconds.
  path: Assets/Movement/Scenes
  artifactKey: Guid(772c8596b39e9964cab1f6d1f9bfeade) Importer(815301076,1909f56bfc062723c751e8b465ee728b)
Start importing Assets/Movement/Scenes using Guid(772c8596b39e9964cab1f6d1f9bfeade) Importer(815301076,1909f56bfc062723c751e8b465ee728b)  -> (artifact id: '081d6aae655a5ca1133c748d0b2b76dd') in 0.002094 seconds
  Import took 0.004394 seconds .

========================================================================
Received Import Request.
  Time since last request: 0.001262 seconds.
  path: Assets/Movement/Scenes
  artifactKey: Guid(772c8596b39e9964cab1f6d1f9bfeade) Importer(815301076,1909f56bfc062723c751e8b465ee728b)
Start importing Assets/Movement/Scenes using Guid(772c8596b39e9964cab1f6d1f9bfeade) Importer(815301076,1909f56bfc062723c751e8b465ee728b)  -> (artifact id: '081d6aae655a5ca1133c748d0b2b76dd') in 0.002076 seconds
  Import took 0.003919 seconds .

========================================================================
Received Import Request.
  Time since last request: 10.534780 seconds.
  path: Assets/Movement/Script
  artifactKey: Guid(7903f80b01e9de04199a165bbac9e1cc) Importer(815301076,1909f56bfc062723c751e8b465ee728b)
Start importing Assets/Movement/Script using Guid(7903f80b01e9de04199a165bbac9e1cc) Importer(815301076,1909f56bfc062723c751e8b465ee728b)  -> (artifact id: '53317c4172afcb862a97cb487a8be6ac') in 0.002542 seconds
  Import took 0.005012 seconds .

========================================================================
Received Import Request.
  Time since last request: 0.001189 seconds.
  path: Assets/Movement/Script
  artifactKey: Guid(7903f80b01e9de04199a165bbac9e1cc) Importer(815301076,1909f56bfc062723c751e8b465ee728b)
Start importing Assets/Movement/Script using Guid(7903f80b01e9de04199a165bbac9e1cc) Importer(815301076,1909f56bfc062723c751e8b465ee728b)  -> (artifact id: '53317c4172afcb862a97cb487a8be6ac') in 0.002690 seconds
  Import took 0.004492 seconds .

